Build started 4/1/2014 12:24:04 PM.
Project "C:\Users\albertogiunta\Dropbox\Università\!Secondo semestre\!!!Architetture degli Elaboratori\Laboratorio\Settimana 3\h_number_conversion\h_number_conversion\h_number_conversion.vcxproj" on node 2 (Build target(s)).
ClCompile:
  C:\Program Files (x86)\Microsoft Visual Studio 12.0\VC\bin\CL.exe /c /ZI /nologo /W3 /WX- /sdl /Od /Oy- /D WIN32 /D _DEBUG /D _CONSOLE /D _LIB /D _UNICODE /D UNICODE /Gm /EHsc /RTC1 /MDd /GS /fp:precise /Zc:wchar_t /Zc:forScope /Fo"Debug\\" /Fd"Debug\vc120.pdb" /Gd /TC /analyze- /errorReport:prompt main.c
  main.c
Link:
  C:\Program Files (x86)\Microsoft Visual Studio 12.0\VC\bin\link.exe /ERRORREPORT:PROMPT /OUT:"C:\Users\albertogiunta\Dropbox\Università\!Secondo semestre\!!!Architetture degli Elaboratori\Laboratorio\Settimana 3\h_number_conversion\Debug\h_number_conversion.exe" /INCREMENTAL /NOLOGO kernel32.lib user32.lib gdi32.lib winspool.lib comdlg32.lib advapi32.lib shell32.lib ole32.lib oleaut32.lib uuid.lib odbc32.lib odbccp32.lib /MANIFEST /MANIFESTUAC:"level='asInvoker' uiAccess='false'" /manifest:embed /DEBUG /PDB:"C:\Users\albertogiunta\Dropbox\Università\!Secondo semestre\!!!Architetture degli Elaboratori\Laboratorio\Settimana 3\h_number_conversion\Debug\h_number_conversion.pdb" /SUBSYSTEM:CONSOLE /TLBID:1 /DYNAMICBASE /NXCOMPAT /IMPLIB:"C:\Users\albertogiunta\Dropbox\Università\!Secondo semestre\!!!Architetture degli Elaboratori\Laboratorio\Settimana 3\h_number_conversion\Debug\h_number_conversion.lib" /MACHINE:X86 Debug\main.obj
MSVCRTD.lib(crtexe.obj) : error LNK2019: unresolved external symbol _main referenced in function ___tmainCRTStartup
C:\Users\albertogiunta\Dropbox\Università\!Secondo semestre\!!!Architetture degli Elaboratori\Laboratorio\Settimana 3\h_number_conversion\Debug\h_number_conversion.exe : fatal error LNK1120: 1 unresolved externals
Done Building Project "C:\Users\albertogiunta\Dropbox\Università\!Secondo semestre\!!!Architetture degli Elaboratori\Laboratorio\Settimana 3\h_number_conversion\h_number_conversion\h_number_conversion.vcxproj" (Build target(s)) -- FAILED.

Build FAILED.

Time Elapsed 00:00:04.10
